<?xml version="1.0" encoding="UTF-8"?>
<!-- Generated by org.testng.reporters.JUnitXMLReporter -->
<testsuite hostname="ehtesham-HP-ProBook-4540s" ignored="2" name="CashierPassword" tests="9" failures="0" timestamp="19 Jul 2017 09:21:39 GMT" time="20.324" errors="0">
  <testcase name="Login" time="7.558" classname="testCases.Validate_CashierPassword"/>
  <testcase name="NavigateToCashierPasswordPage" time="3.743" classname="testCases.Validate_CashierPassword"/>
  <testcase name="check_emptyField" time="0.784" classname="testCases.Validate_CashierPassword"/>
  <testcase name="check_minpass" time="0.336" classname="testCases.Validate_CashierPassword"/>
  <testcase name="check_invPass" time="0.403" classname="testCases.Validate_CashierPassword"/>
  <testcase name="check_diffPass" time="0.429" classname="testCases.Validate_CashierPassword"/>
  <testcase name="check_samePass" time="0.991" classname="testCases.Validate_CashierPassword"/>
  <testcase name="update_cshrPass" time="0.972" classname="testCases.Validate_CashierPassword"/>
  <testcase name="unlock" time="2.068" classname="testCases.Validate_CashierPassword"/>
  <testcase name="check_withdrawlock" time="0.0" classname="testCases.Validate_CashierPassword">
    <ignored/>
  </testcase> <!-- check_withdrawlock -->
  <testcase name="check_depositLock" time="0.0" classname="testCases.Validate_CashierPassword">
    <ignored/>
  </testcase> <!-- check_depositLock -->
</testsuite> <!-- CashierPassword -->
