<?xml version="1.0" encoding="UTF-8"?>
<!-- Generated by org.testng.reporters.JUnitXMLReporter -->
<testsuite hostname="ehtesham-HP-ProBook-4540s" ignored="2" name="CashierPassword" tests="9" failures="0" timestamp="17 Jul 2017 08:36:35 GMT" time="22.575" errors="0">
  <testcase name="Login" time="8.152" classname="testCases.Validate_CashierPassword"/>
  <testcase name="NavigateToCashierPasswordPage" time="5.407" classname="testCases.Validate_CashierPassword"/>
  <testcase name="check_emptyField" time="0.791" classname="testCases.Validate_CashierPassword"/>
  <testcase name="check_minpass" time="0.346" classname="testCases.Validate_CashierPassword"/>
  <testcase name="check_invPass" time="0.453" classname="testCases.Validate_CashierPassword"/>
  <testcase name="check_diffPass" time="0.428" classname="testCases.Validate_CashierPassword"/>
  <testcase name="check_samePass" time="1.006" classname="testCases.Validate_CashierPassword"/>
  <testcase name="update_cshrPass" time="0.962" classname="testCases.Validate_CashierPassword"/>
  <testcase name="unlock" time="2.294" classname="testCases.Validate_CashierPassword"/>
  <testcase name="check_withdrawlock" time="0.0" classname="testCases.Validate_CashierPassword">
    <ignored/>
  </testcase> <!-- check_withdrawlock -->
  <testcase name="check_depositLock" time="0.0" classname="testCases.Validate_CashierPassword">
    <ignored/>
  </testcase> <!-- check_depositLock -->
</testsuite> <!-- CashierPassword -->
