<?xml version="1.0" encoding="UTF-8"?>
<!-- Generated by org.testng.reporters.JUnitXMLReporter -->
<testsuite hostname="ehtesham-HP-ProBook-4540s" ignored="0" name="ChangePasswordPage" tests="10" failures="0" timestamp="17 Jul 2017 08:36:12 GMT" time="26.78" errors="0">
  <testcase name="Login" time="7.648" classname="testCases.Validate_ChangePasswordPage"/>
  <testcase name="NavigateToChangePasswordPage" time="3.199" classname="testCases.Validate_ChangePasswordPage"/>
  <testcase name="Test_RequiredFields_Validation" time="1.001" classname="testCases.Validate_ChangePasswordPage"/>
  <testcase name="Test_MinChars_Validation" time="0.517" classname="testCases.Validate_ChangePasswordPage"/>
  <testcase name="Test_HintMessage_Validation" time="0.108" classname="testCases.Validate_ChangePasswordPage"/>
  <testcase name="Test_WeakPassword_Validation" time="0.54" classname="testCases.Validate_ChangePasswordPage"/>
  <testcase name="Test_DiffPasswords_Validation" time="0.468" classname="testCases.Validate_ChangePasswordPage"/>
  <testcase name="Test_IncorrectOldPassword_Validation" time="1.079" classname="testCases.Validate_ChangePasswordPage"/>
  <testcase name="Test_ChangeCurrentPassword" time="3.226" classname="testCases.Validate_ChangePasswordPage"/>
  <testcase name="Test_ChangeToOriginalPassword" time="6.372" classname="testCases.Validate_ChangePasswordPage"/>
</testsuite> <!-- ChangePasswordPage -->
