<?xml version="1.0" encoding="UTF-8"?>
<!-- Generated by org.testng.reporters.JUnitXMLReporter -->
<testsuite hostname="ehtesham-HP-ProBook-4540s" ignored="0" name="ChangePasswordPage" tests="10" failures="0" timestamp="19 Jul 2017 09:21:18 GMT" time="27.891" errors="0">
  <testcase name="Login" time="8.144" classname="testCases.Validate_ChangePasswordPage"/>
  <testcase name="NavigateToChangePasswordPage" time="3.35" classname="testCases.Validate_ChangePasswordPage"/>
  <testcase name="Test_RequiredFields_Validation" time="1.048" classname="testCases.Validate_ChangePasswordPage"/>
  <testcase name="Test_MinChars_Validation" time="0.493" classname="testCases.Validate_ChangePasswordPage"/>
  <testcase name="Test_HintMessage_Validation" time="0.138" classname="testCases.Validate_ChangePasswordPage"/>
  <testcase name="Test_WeakPassword_Validation" time="0.561" classname="testCases.Validate_ChangePasswordPage"/>
  <testcase name="Test_DiffPasswords_Validation" time="0.552" classname="testCases.Validate_ChangePasswordPage"/>
  <testcase name="Test_IncorrectOldPassword_Validation" time="1.075" classname="testCases.Validate_ChangePasswordPage"/>
  <testcase name="Test_ChangeCurrentPassword" time="3.374" classname="testCases.Validate_ChangePasswordPage"/>
  <testcase name="Test_ChangeToOriginalPassword" time="6.484" classname="testCases.Validate_ChangePasswordPage"/>
</testsuite> <!-- ChangePasswordPage -->
