<?xml version="1.0" encoding="UTF-8"?>
<!-- Generated by org.testng.reporters.JUnitXMLReporter -->
<testsuite hostname="ehtesham-HP-ProBook-4540s" ignored="1" name="CheckLimits" tests="9" failures="0" timestamp="17 Jul 2017 08:36:54 GMT" time="19.827" errors="0">
  <testcase name="Login" time="7.79" classname="testCases.Validate_Limits"/>
  <testcase name="NavigateToPersonalDetailsPage" time="2.977" classname="testCases.Validate_Limits"/>
  <testcase name="Test_Exceed_MaxAccountBalance" time="1.563" classname="testCases.Validate_Limits">
    <skipped/>
  </testcase> <!-- Test_Exceed_MaxAccountBalance -->
  <testcase name="Test_Lower_MaxAccountBalance" time="0.05" classname="testCases.Validate_Limits">
    <skipped/>
  </testcase> <!-- Test_Lower_MaxAccountBalance -->
  <testcase name="Test_Exceed_MaxOpenPos" time="0.083" classname="testCases.Validate_Limits">
    <skipped/>
  </testcase> <!-- Test_Exceed_MaxOpenPos -->
  <testcase name="Test_Lower_MaxOpenPos" time="0.044" classname="testCases.Validate_Limits">
    <skipped/>
  </testcase> <!-- Test_Lower_MaxOpenPos -->
  <testcase name="NavigateToLimitsPage" time="3.248" classname="testCases.Validate_Limits"/>
  <testcase name="Test_Limits_MaxOpenPosition" time="1.023" classname="testCases.Validate_Limits"/>
  <testcase name="Test_Limits_Message" time="0.42" classname="testCases.Validate_Limits"/>
  <testcase name="Test_Limits_MaxAccountBalance" time="0.0" classname="testCases.Validate_Limits">
    <ignored/>
  </testcase> <!-- Test_Limits_MaxAccountBalance -->
</testsuite> <!-- CheckLimits -->
