<?xml version="1.0" encoding="UTF-8"?>
<!-- Generated by org.testng.reporters.JUnitXMLReporter -->
<testsuite hostname="ehtesham-HP-ProBook-4540s" ignored="3" name="checkResourcePage" tests="8" failures="1" timestamp="20 Jul 2017 09:09:14 GMT" time="60.137" errors="0">
  <testcase name="resourcePage" time="14.132" classname="testCases.Validate_ResourcesPage"/>
  <testcase name="checkTitle" time="1.434" classname="testCases.Validate_ResourcesPage"/>
  <testcase name="check_AssetIndex" time="1.941" classname="testCases.Validate_ResourcesPage"/>
  <testcase name="check_ForexMarket" time="0.384" classname="testCases.Validate_ResourcesPage">
    <failure type="java.lang.AssertionError" message="expected [true] but found [false]">
      <![CDATA[java.lang.AssertionError: expected [true] but found [false]
	at utility.ListsUtil.compareWebElementList(ListsUtil.java:47)
	at appModules.Resources_Action.checkMarket(Resources_Action.java:33)
	at testCases.Validate_ResourcesPage.check_ForexMarket(Validate_ResourcesPage.java:31)
... Removed 29 stack frames]]>
    </failure>
  </testcase> <!-- check_ForexMarket -->
  <testcase name="check_IndicesMarket" time="11.302" classname="testCases.Validate_ResourcesPage"/>
  <testcase name="check_OTCMarket" time="12.406" classname="testCases.Validate_ResourcesPage"/>
  <testcase name="check_CommoditiesMarket" time="4.538" classname="testCases.Validate_ResourcesPage"/>
  <testcase name="check_VolatilityMarket" time="2.718" classname="testCases.Validate_ResourcesPage"/>
  <testcase name="Login" time="0.0" classname="testCases.Validate_ResourcesPage">
    <ignored/>
  </testcase> <!-- Login -->
  <testcase name="loginMF" time="0.0" classname="testCases.Validate_ResourcesPage">
    <ignored/>
  </testcase> <!-- loginMF -->
  <testcase name="loginMX" time="0.0" classname="testCases.Validate_ResourcesPage">
    <ignored/>
  </testcase> <!-- loginMX -->
</testsuite> <!-- checkResourcePage -->
