<?xml version="1.0" encoding="UTF-8"?>
<!-- Generated by org.testng.reporters.JUnitXMLReporter -->
<testsuite hostname="ehtesham-HP-ProBook-4540s" ignored="0" name="checkTokenAPI" tests="9" failures="0" timestamp="17 Jul 2017 08:38:17 GMT" time="17.256" errors="0">
  <testcase name="Login" time="8.354" classname="testCases.Validate_APITokenPage"/>
  <testcase name="NavigateToAPITokenPage" time="3.294" classname="testCases.Validate_APITokenPage"/>
  <testcase name="CheckPageLoad" time="0.062" classname="testCases.Validate_APITokenPage"/>
  <testcase name="CheckScopeValidation" time="0.334" classname="testCases.Validate_APITokenPage"/>
  <testcase name="CheckMinChar" time="0.277" classname="testCases.Validate_APITokenPage"/>
  <testcase name="DuplicateName" time="0.988" classname="testCases.Validate_APITokenPage"/>
  <testcase name="CheckInvalidName" time="0.215" classname="testCases.Validate_APITokenPage"/>
  <testcase name="AddNewToken" time="1.004" classname="testCases.Validate_APITokenPage"/>
  <testcase name="DeleteToken" time="0.143" classname="testCases.Validate_APITokenPage"/>
</testsuite> <!-- checkTokenAPI -->
