<?xml version="1.0" encoding="UTF-8"?>
<!-- Generated by org.testng.reporters.JUnitXMLReporter -->
<testsuite hostname="ehtesham-HP-ProBook-4540s" ignored="0" name="CheckAuthorisedApplication" tests="8" failures="0" timestamp="19 Jul 2017 09:23:02 GMT" time="26.953" errors="0">
  <testcase name="Login" time="8.183" classname="testCases.Validate_AuthorisedApplications"/>
  <testcase name="NavigateToAuthorisedAppsPage" time="3.143" classname="testCases.Validate_AuthorisedApplications"/>
  <testcase name="CheckPageLoad" time="0.161" classname="testCases.Validate_AuthorisedApplications"/>
  <testcase name="revoke_authapps" time="0.743" classname="testCases.Validate_AuthorisedApplications"/>
  <testcase name="login" time="4.615" classname="testCases.Validate_AuthorisedApplications"/>
  <testcase name="checkReviewPage" time="0.23" classname="testCases.Validate_AuthorisedApplications"/>
  <testcase name="reject" time="3.091" classname="testCases.Validate_AuthorisedApplications"/>
  <testcase name="grant" time="4.305" classname="testCases.Validate_AuthorisedApplications"/>
</testsuite> <!-- CheckAuthorisedApplication -->
