<?xml version="1.0" encoding="UTF-8"?>
<!-- Generated by org.testng.reporters.JUnitXMLReporter -->
<testsuite hostname="ehtesham-HP-ProBook-4540s" ignored="0" name="CheckLoginHistoryPage" tests="7" failures="0" timestamp="20 Jul 2017 09:37:21 GMT" time="27.814" errors="0">
  <testcase name="reset_Login" time="10.654" classname="testCases.Validate_LoginHistoryPage"/>
  <testcase name="logout" time="3.123" classname="testCases.Validate_LoginHistoryPage"/>
  <testcase name="A_Login_IncorrectPassword" time="3.715" classname="testCases.Validate_LoginHistoryPage"/>
  <testcase name="Login" time="2.023" classname="testCases.Validate_LoginHistoryPage"/>
  <testcase name="NavigateToLoginHistoryPage" time="4.721" classname="testCases.Validate_LoginHistoryPage"/>
  <testcase name="Check_NewEntries" time="0.513" classname="testCases.Validate_LoginHistoryPage"/>
  <testcase name="CheckTotalRows" time="0.124" classname="testCases.Validate_LoginHistoryPage"/>
</testsuite> <!-- CheckLoginHistoryPage -->
