<?xml version="1.0" encoding="UTF-8"?>
<!-- Generated by org.testng.reporters.JUnitXMLReporter -->
<testsuite hostname="ehtesham-HP-ProBook-4540s" ignored="0" name="checkTokenAPI" tests="9" failures="0" timestamp="19 Jul 2017 09:23:19 GMT" time="17.434" errors="0">
  <testcase name="Login" time="7.128" classname="testCases.Validate_APITokenPage"/>
  <testcase name="NavigateToAPITokenPage" time="4.654" classname="testCases.Validate_APITokenPage"/>
  <testcase name="CheckPageLoad" time="0.051" classname="testCases.Validate_APITokenPage"/>
  <testcase name="CheckScopeValidation" time="0.339" classname="testCases.Validate_APITokenPage"/>
  <testcase name="CheckMinChar" time="0.286" classname="testCases.Validate_APITokenPage"/>
  <testcase name="DuplicateName" time="1.046" classname="testCases.Validate_APITokenPage"/>
  <testcase name="CheckInvalidName" time="0.204" classname="testCases.Validate_APITokenPage"/>
  <testcase name="AddNewToken" time="1.049" classname="testCases.Validate_APITokenPage"/>
  <testcase name="DeleteToken" time="0.14" classname="testCases.Validate_APITokenPage"/>
</testsuite> <!-- checkTokenAPI -->
