<?xml version="1.0" encoding="UTF-8"?>
<!-- Generated by org.testng.reporters.JUnitXMLReporter -->
<testsuite hostname="v2cloud-pc" ignored="0" name="CheckLoginPage" tests="4" failures="1" timestamp="17 Apr 2017 07:28:42 GMT" time="17.642" errors="0">
  <testcase name="A_Launch" time="1.934" classname="testCases.Validate_LoginPage"/>
  <testcase name="B_Login" time="4.577" classname="testCases.Validate_LoginPage"/>
  <testcase name="C_Logout" time="3.631" classname="testCases.Validate_LoginPage"/>
  <testcase name="D_Login_IncorrectPassword" time="2.159" classname="testCases.Validate_LoginPage">
    <failure type="java.lang.AssertionError" message="expected [Adresse e-mail ou mot de passe incorrects.] but found [Incorrect email or password.]">
      <![CDATA[java.lang.AssertionError: expected [Adresse e-mail ou mot de passe incorrects.] but found [Incorrect email or password.]
	at testCases.Validate_LoginPage.D_Login_IncorrectPassword(Validate_LoginPage.java:54)
... Removed 31 stack frames]]>
    </failure>
  </testcase> <!-- D_Login_IncorrectPassword -->
</testsuite> <!-- CheckLoginPage -->
