<?xml version="1.0" encoding="UTF-8"?>
<!-- Generated by org.testng.reporters.JUnitXMLReporter -->
<testsuite hostname="ehtesham-HP-ProBook-4540s" ignored="0" name="CheckProfitTablePage" tests="6" failures="0" timestamp="17 Jul 2017 08:26:29 GMT" time="24.296" errors="0">
  <testcase name="Login" time="10.216" classname="testCases.Validate_ProfitTable"/>
  <testcase name="NavigateToTradePage" time="0.188" classname="testCases.Validate_ProfitTable"/>
  <testcase name="TestContractPurchase" time="8.262" classname="testCases.Validate_ProfitTable"/>
  <testcase name="NavigateToProfitTablePage" time="0.703" classname="testCases.Validate_ProfitTable"/>
  <testcase name="ValidateContractPurchaseView" time="2.069" classname="testCases.Validate_ProfitTable"/>
  <testcase name="ValidateProfitTableRows" time="0.031" classname="testCases.Validate_ProfitTable"/>
</testsuite> <!-- CheckProfitTablePage -->
