<?xml version="1.0" encoding="UTF-8"?>
<!-- Generated by org.testng.reporters.JUnitXMLReporter -->
<testsuite hostname="ehtesham-HP-ProBook-4540s" ignored="0" name="CheckLoginPage" tests="3" failures="0" timestamp="17 Jul 2017 08:34:02 GMT" time="23.787" errors="0">
  <testcase name="A_Login" time="12.527" classname="testCases.Validate_LoginPage"/>
  <testcase name="B_Logout" time="2.545" classname="testCases.Validate_LoginPage"/>
  <testcase name="C_Login_IncorrectPassword" time="2.456" classname="testCases.Validate_LoginPage"/>
</testsuite> <!-- CheckLoginPage -->
