<?xml version="1.0" encoding="UTF-8"?>
<!-- Generated by org.testng.reporters.JUnitXMLReporter -->
<testsuite hostname="v2cloud-pc" ignored="0" name="CheckLoginHistoryPage" tests="5" failures="0" timestamp="06 Jun 2017 13:43:51 GMT" time="28.909" errors="0">
  <testcase name="A_Login_IncorrectPassword" time="3.159" classname="testCases.Validate_LoginHistoryPage"/>
  <testcase name="Login" time="3.02" classname="testCases.Validate_LoginHistoryPage"/>
  <testcase name="NavigateToLoginHistoryPage" time="4.253" classname="testCases.Validate_LoginHistoryPage"/>
  <testcase name="Check_NewEntries" time="0.676" classname="testCases.Validate_LoginHistoryPage"/>
  <testcase name="CheckTotalRows" time="0.167" classname="testCases.Validate_LoginHistoryPage"/>
</testsuite> <!-- CheckLoginHistoryPage -->
