<?xml version="1.0" encoding="UTF-8"?>
<!-- Generated by org.testng.reporters.JUnitXMLReporter -->
<testsuite hostname="v2cloud-pc" ignored="0" name="FinancialAssessmentFields" tests="20" failures="0" timestamp="06 Jun 2017 13:42:32 GMT" time="138.357" errors="0">
  <testcase name="Login" time="3.198" classname="testCases.Validate_FinancialAssessmentFields"/>
  <testcase name="NavigateToFinancialAssessmentPage" time="2.336" classname="testCases.Validate_FinancialAssessmentFields"/>
  <testcase name="Test_ForexTradingExperience" time="7.46" classname="testCases.Validate_FinancialAssessmentFields"/>
  <testcase name="Test_ForexTradingFrequency" time="5.985" classname="testCases.Validate_FinancialAssessmentFields"/>
  <testcase name="Test_IndicesTradingExperience" time="6.392" classname="testCases.Validate_FinancialAssessmentFields"/>
  <testcase name="Test_IndicesTradingFrequency" time="7.071" classname="testCases.Validate_FinancialAssessmentFields"/>
  <testcase name="Test_CommoditiesTradingExperience" time="5.704" classname="testCases.Validate_FinancialAssessmentFields"/>
  <testcase name="Test_CommoditiesTradingFrequency" time="5.551" classname="testCases.Validate_FinancialAssessmentFields"/>
  <testcase name="Test_StocksTradingExperience" time="6.102" classname="testCases.Validate_FinancialAssessmentFields"/>
  <testcase name="Test_StocksTradingFrequency" time="5.849" classname="testCases.Validate_FinancialAssessmentFields"/>
  <testcase name="Test_OtherTradingExperience" time="5.852" classname="testCases.Validate_FinancialAssessmentFields"/>
  <testcase name="Test_OtherTradingFrequency" time="5.702" classname="testCases.Validate_FinancialAssessmentFields"/>
  <testcase name="Test_OtherDerivativesTradingExperience" time="6.712" classname="testCases.Validate_FinancialAssessmentFields"/>
  <testcase name="Test_OtherDerivatiesTradingFrequency" time="6.327" classname="testCases.Validate_FinancialAssessmentFields"/>
  <testcase name="Test_IndustryEmployment" time="6.81" classname="testCases.Validate_FinancialAssessmentFields"/>
  <testcase name="Test_Occupation" time="5.921" classname="testCases.Validate_FinancialAssessmentFields"/>
  <testcase name="Test_Education" time="5.65" classname="testCases.Validate_FinancialAssessmentFields"/>
  <testcase name="Test_AnnualIncome" time="5.53" classname="testCases.Validate_FinancialAssessmentFields"/>
  <testcase name="Test_NetWorth" time="5.785" classname="testCases.Validate_FinancialAssessmentFields"/>
  <testcase name="Test_AnticipatedAccountTurnover" time="5.731" classname="testCases.Validate_FinancialAssessmentFields"/>
</testsuite> <!-- FinancialAssessmentFields -->
