<?xml version="1.0" encoding="UTF-8"?>
<!-- Generated by org.testng.reporters.JUnitXMLReporter -->
<testsuite hostname="v2cloud-pc" ignored="0" name="NewAccountOnQaServer" tests="3" failures="0" timestamp="05 Jul 2017 00:30:24 GMT" time="141.413" errors="0">
  <testcase name="NewClientRegistrationOnQaServer" time="108.247" classname="testCases.Validate_NewAccountOnQaServer"/>
  <testcase name="UpgradeToRealAccount" time="18.442" classname="testCases.Validate_NewAccountOnQaServer"/>
  <testcase name="GrantUpgradedUserPermissons" time="4.309" classname="testCases.Validate_NewAccountOnQaServer"/>
</testsuite> <!-- NewAccountOnQaServer -->
