<?xml version="1.0" encoding="UTF-8"?>
<!-- Generated by org.testng.reporters.JUnitXMLReporter -->
<testsuite hostname="v2cloud-pc" ignored="0" name="SetFinancialAssessment" tests="4" failures="0" timestamp="06 Jun 2017 13:40:14 GMT" time="49.287" errors="0">
  <testcase name="A_Login" time="5.102" classname="testCases.Validate_SetFinancialAssessment"/>
  <testcase name="B_NavigateToFinancialAssessmentPage" time="7.792" classname="testCases.Validate_SetFinancialAssessment"/>
  <testcase name="C_Set_FinancialAssessment" time="10.169" classname="testCases.Validate_SetFinancialAssessment"/>
  <testcase name="D_Logout" time="1.774" classname="testCases.Validate_SetFinancialAssessment"/>
</testsuite> <!-- SetFinancialAssessment -->
