<?xml version="1.0" encoding="UTF-8"?>
<testng-results skipped="0" failed="0" ignored="0" total="2" passed="2">
  <reporter-output>
  </reporter-output>
  <suite name="Default suite" duration-ms="230198" started-at="2017-05-12T03:02:50Z" finished-at="2017-05-12T03:06:41Z">
    <groups>
    </groups>
    <test name="Default test" duration-ms="230198" started-at="2017-05-12T03:02:50Z" finished-at="2017-05-12T03:06:41Z">
      <class name="testCases.Dummy_Practice">
        <test-method status="PASS" signature="setUp()[pri:0, instance:testCases.Dummy_Practice@6adede5]" name="setUp" is-config="true" duration-ms="6254" started-at="2017-05-12T08:02:50Z" finished-at="2017-05-12T08:02:57Z">
          <reporter-output>
          </reporter-output>
        </test-method> <!-- setUp -->
        <test-method status="PASS" signature="DummyTestCookie()[pri:0, instance:testCases.Dummy_Practice@6adede5]" name="DummyTestCookie" duration-ms="223913" started-at="2017-05-12T08:02:57Z" finished-at="2017-05-12T08:06:41Z">
          <reporter-output>
          </reporter-output>
        </test-method> <!-- DummyTestCookie -->
        <test-method status="PASS" signature="SetServer()[pri:0, instance:testCases.Dummy_Practice@6adede5]" name="SetServer" duration-ms="0" started-at="2017-05-12T08:06:41Z" finished-at="2017-05-12T08:06:41Z">
          <reporter-output>
          </reporter-output>
        </test-method> <!-- SetServer -->
      </class> <!-- testCases.Dummy_Practice -->
    </test> <!-- Default test -->
  </suite> <!-- Default suite -->
</testng-results>
