<?xml version="1.0" encoding="UTF-8"?>
<testng-results skipped="0" failed="0" ignored="0" total="1" passed="1">
  <reporter-output>
  </reporter-output>
  <suite name="Default suite" duration-ms="40991" started-at="2017-07-19T08:57:50Z" finished-at="2017-07-19T08:58:31Z">
    <groups>
    </groups>
    <test name="Default test" duration-ms="40991" started-at="2017-07-19T08:57:50Z" finished-at="2017-07-19T08:58:31Z">
      <class name="testCases.Validate_WithdrawalToken">
        <test-method status="PASS" signature="setupApplication()[pri:0, instance:testCases.Validate_WithdrawalToken@5649fd9b]" name="setupApplication" is-config="true" duration-ms="3984" started-at="2017-07-19T16:57:50Z" finished-at="2017-07-19T16:57:54Z">
          <reporter-output>
          </reporter-output>
        </test-method> <!-- setupApplication -->
        <test-method status="PASS" signature="A_TestWithdrawalNotification()[pri:0, instance:testCases.Validate_WithdrawalToken@5649fd9b]" name="A_TestWithdrawalNotification" duration-ms="36906" started-at="2017-07-19T16:57:54Z" description="Validate withdrawal token" finished-at="2017-07-19T16:58:31Z">
          <reporter-output>
          </reporter-output>
        </test-method> <!-- A_TestWithdrawalNotification -->
        <test-method status="PASS" signature="closeApplication()[pri:0, instance:testCases.Validate_WithdrawalToken@5649fd9b]" name="closeApplication" is-config="true" duration-ms="82" started-at="2017-07-19T16:58:31Z" finished-at="2017-07-19T16:58:31Z">
          <reporter-output>
          </reporter-output>
        </test-method> <!-- closeApplication -->
      </class> <!-- testCases.Validate_WithdrawalToken -->
    </test> <!-- Default test -->
  </suite> <!-- Default suite -->
</testng-results>
